<?xml version="1.0" encoding="UTF-8"?>
<!-- Generated by org.testng.reporters.JUnitReportReporter -->
<testsuite hostname="LAPTOP-TEJ5K7T2" failures="0" tests="1" name="AutomationCasesProject.ExtentReports.ExtentReportsDemo" time="4.616" errors="0" timestamp="2024-05-05T20:50:41 IST" skipped="0">
  <testcase classname="AutomationCasesProject.ExtentReports.ExtentReportsDemo" name="Demo" time="4.616"/>
</testsuite> <!-- AutomationCasesProject.ExtentReports.ExtentReportsDemo -->
