<?xml version="1.0" encoding="UTF-8"?>
<!-- Generated by org.testng.reporters.JUnitReportReporter -->
<testsuite hostname="LAPTOP-TEJ5K7T2" failures="0" tests="2" name="AutomationCasesProject.TestCases.ErrorValidation" time="9.595" errors="0" timestamp="2024-03-23T16:33:38 IST" skipped="0">
  <testcase classname="AutomationCasesProject.TestCases.ErrorValidation" name="clientStart" time="2.955"/>
  <testcase classname="AutomationCasesProject.TestCases.ErrorValidation" name="verifyMouseHover" time="6.640"/>
</testsuite> <!-- AutomationCasesProject.TestCases.ErrorValidation -->
