<?xml version="1.0" encoding="UTF-8"?>
<!-- Generated by org.testng.reporters.JUnitReportReporter -->
<testsuite hostname="LAPTOP-TEJ5K7T2" failures="0" tests="1" name="AutomationCasesProject.ExtentReports.ExtentReportsDemo" time="3.754" errors="0" timestamp="2024-03-23T16:33:38 IST" skipped="0">
  <testcase classname="AutomationCasesProject.ExtentReports.ExtentReportsDemo" name="Demo" time="3.754"/>
</testsuite> <!-- AutomationCasesProject.ExtentReports.ExtentReportsDemo -->
